<?xml version="1.0" encoding="UTF-8"?>
<!-- Generated by org.testng.reporters.JUnitXMLReporter -->
<testsuite ignored="18" hostname="DESKTOP-FGR1E2U" failures="0" tests="1" name="Default test" time="19.093" errors="0" timestamp="2023-07-20T21:36:00 TRT">
  <testcase classname="Test_Scenarios.TestMethods" name="BrandsVisibilityTest" time="11.246"/>
  <testcase classname="Test_Scenarios.TestMethods" name="CartSubscriptionTest" time="0.0">
    <ignored/>
  </testcase> <!-- CartSubscriptionTest -->
  <testcase classname="Test_Scenarios.TestMethods" name="AddRecommendedItemsTest" time="0.0">
    <ignored/>
  </testcase> <!-- AddRecommendedItemsTest -->
  <testcase classname="Test_Scenarios.TestMethods" name="RegisterBeforeCheckOutTest" time="0.0">
    <ignored/>
  </testcase> <!-- RegisterBeforeCheckOutTest -->
  <testcase classname="Test_Scenarios.TestMethods" name="TestCasesTest" time="0.0">
    <ignored/>
  </testcase> <!-- TestCasesTest -->
  <testcase classname="Test_Scenarios.TestMethods" name="ProductsVisibityTest" time="0.0">
    <ignored/>
  </testcase> <!-- ProductsVisibityTest -->
  <testcase classname="Test_Scenarios.TestMethods" name="ProductSearchTest" time="0.0">
    <ignored/>
  </testcase> <!-- ProductSearchTest -->
  <testcase classname="Test_Scenarios.TestMethods" name="CatagoryViewTest" time="0.0">
    <ignored/>
  </testcase> <!-- CatagoryViewTest -->
  <testcase classname="Test_Scenarios.TestMethods" name="ProductQuantityTest" time="0.0">
    <ignored/>
  </testcase> <!-- ProductQuantityTest -->
  <testcase classname="Test_Scenarios.TestMethods" name="successfulLoginTest" time="0.0">
    <ignored/>
  </testcase> <!-- successfulLoginTest -->
  <testcase classname="Test_Scenarios.TestMethods" name="AddProductsTest" time="0.0">
    <ignored/>
  </testcase> <!-- AddProductsTest -->
  <testcase classname="Test_Scenarios.TestMethods" name="ContactUsTest" time="0.0">
    <ignored/>
  </testcase> <!-- ContactUsTest -->
  <testcase classname="Test_Scenarios.TestMethods" name="RemoveItemTest" time="0.0">
    <ignored/>
  </testcase> <!-- RemoveItemTest -->
  <testcase classname="Test_Scenarios.TestMethods" name="signupTest" time="0.0">
    <ignored/>
  </testcase> <!-- signupTest -->
  <testcase classname="Test_Scenarios.TestMethods" name="AddReviewTest" time="0.0">
    <ignored/>
  </testcase> <!-- AddReviewTest -->
  <testcase classname="Test_Scenarios.TestMethods" name="unsuccessfulLoginTest" time="0.0">
    <ignored/>
  </testcase> <!-- unsuccessfulLoginTest -->
  <testcase classname="Test_Scenarios.TestMethods" name="SubscriptionTest" time="0.0">
    <ignored/>
  </testcase> <!-- SubscriptionTest -->
  <testcase classname="Test_Scenarios.TestMethods" name="RegisterWhileCheckOutTest" time="0.0">
    <ignored/>
  </testcase> <!-- RegisterWhileCheckOutTest -->
  <testcase classname="Test_Scenarios.TestMethods" name="LoginBeforeCheckOutTest" time="0.0">
    <ignored/>
  </testcase> <!-- LoginBeforeCheckOutTest -->
</testsuite> <!-- Default test -->
