<?xml version="1.0" encoding="UTF-8"?>
<testng-results ignored="18" total="19" passed="1" failed="0" skipped="0">
  <reporter-output>
  </reporter-output>
  <suite started-at="2023-07-20T21:35:41 TRT" name="Default suite" finished-at="2023-07-20T21:36:00 TRT" duration-ms="19093">
    <groups>
    </groups>
    <test started-at="2023-07-20T21:35:41 TRT" name="Default test" finished-at="2023-07-20T21:36:00 TRT" duration-ms="19093">
      <class name="Test_Scenarios.TestMethods">
        <test-method is-config="true" signature="beforetest()[pri:0, instance:Test_Scenarios.TestMethods@6c64cb25]" started-at="2023-07-20T21:35:41 TRT" name="beforetest" finished-at="2023-07-20T21:35:49 TRT" duration-ms="7496" status="PASS">
          <reporter-output>
          </reporter-output>
        </test-method> <!-- beforetest -->
        <test-method signature="BrandsVisibilityTest()[pri:9, instance:Test_Scenarios.TestMethods@6c64cb25]" started-at="2023-07-20T21:35:49 TRT" name="BrandsVisibilityTest" finished-at="2023-07-20T21:36:00 TRT" duration-ms="11246" status="PASS">
          <reporter-output>
          </reporter-output>
        </test-method> <!-- BrandsVisibilityTest -->
        <test-method is-config="true" signature="aftertest()[pri:0, instance:Test_Scenarios.TestMethods@6c64cb25]" started-at="2023-07-20T21:36:00 TRT" name="aftertest" finished-at="2023-07-20T21:36:00 TRT" duration-ms="313" status="PASS">
          <reporter-output>
          </reporter-output>
        </test-method> <!-- aftertest -->
      </class> <!-- Test_Scenarios.TestMethods -->
    </test> <!-- Default test -->
  </suite> <!-- Default suite -->
</testng-results>
